Message[302] C:\DOKUMENTE UND EINSTELLUNGEN\KITE\DESKTOP\PROJEKTE\ATINF\PROJEKT\ASSEMBLER\MPLAB\PROJEKT2_0.ASM 345 : Register in operand not in bank 0.  Ensure that bank bits are correct.
Message[302] C:\DOKUMENTE UND EINSTELLUNGEN\KITE\DESKTOP\PROJEKTE\ATINF\PROJEKT\ASSEMBLER\MPLAB\PROJEKT2_0.ASM 347 : Register in operand not in bank 0.  Ensure that bank bits are correct.
Warning[203] C:\DOKUMENTE UND EINSTELLUNGEN\KITE\DESKTOP\PROJEKTE\ATINF\PROJEKT\ASSEMBLER\MPLAB\PROJEKT2_0.ASM 469 : Found opcode in column 1. (GOTO)
Message[305] C:\DOKUMENTE UND EINSTELLUNGEN\KITE\DESKTOP\PROJEKTE\ATINF\PROJEKT\ASSEMBLER\MPLAB\PROJEKT2_0.ASM 486 : Using default destination of 1 (file).
Message[305] C:\DOKUMENTE UND EINSTELLUNGEN\KITE\DESKTOP\PROJEKTE\ATINF\PROJEKT\ASSEMBLER\MPLAB\PROJEKT2_0.ASM 491 : Using default destination of 1 (file).
Message[305] C:\DOKUMENTE UND EINSTELLUNGEN\KITE\DESKTOP\PROJEKTE\ATINF\PROJEKT\ASSEMBLER\MPLAB\PROJEKT2_0.ASM 522 : Using default destination of 1 (file).
Message[305] C:\DOKUMENTE UND EINSTELLUNGEN\KITE\DESKTOP\PROJEKTE\ATINF\PROJEKT\ASSEMBLER\MPLAB\PROJEKT2_0.ASM 527 : Using default destination of 1 (file).
Message[305] C:\DOKUMENTE UND EINSTELLUNGEN\KITE\DESKTOP\PROJEKTE\ATINF\PROJEKT\ASSEMBLER\MPLAB\PROJEKT2_0.ASM 541 : Using default destination of 1 (file).
Message[305] C:\DOKUMENTE UND EINSTELLUNGEN\KITE\DESKTOP\PROJEKTE\ATINF\PROJEKT\ASSEMBLER\MPLAB\PROJEKT2_0.ASM 562 : Using default destination of 1 (file).
Message[305] C:\DOKUMENTE UND EINSTELLUNGEN\KITE\DESKTOP\PROJEKTE\ATINF\PROJEKT\ASSEMBLER\MPLAB\PROJEKT2_0.ASM 591 : Using default destination of 1 (file).
Message[305] C:\DOKUMENTE UND EINSTELLUNGEN\KITE\DESKTOP\PROJEKTE\ATINF\PROJEKT\ASSEMBLER\MPLAB\PROJEKT2_0.ASM 594 : Using default destination of 1 (file).
Message[305] C:\DOKUMENTE UND EINSTELLUNGEN\KITE\DESKTOP\PROJEKTE\ATINF\PROJEKT\ASSEMBLER\MPLAB\PROJEKT2_0.ASM 624 : Using default destination of 1 (file).
Message[305] C:\DOKUMENTE UND EINSTELLUNGEN\KITE\DESKTOP\PROJEKTE\ATINF\PROJEKT\ASSEMBLER\MPLAB\PROJEKT2_0.ASM 627 : Using default destination of 1 (file).
Message[305] C:\DOKUMENTE UND EINSTELLUNGEN\KITE\DESKTOP\PROJEKTE\ATINF\PROJEKT\ASSEMBLER\MPLAB\PROJEKT2_0.ASM 658 : Using default destination of 1 (file).
Message[305] C:\DOKUMENTE UND EINSTELLUNGEN\KITE\DESKTOP\PROJEKTE\ATINF\PROJEKT\ASSEMBLER\MPLAB\PROJEKT2_0.ASM 661 : Using default destination of 1 (file).
Message[305] C:\DOKUMENTE UND EINSTELLUNGEN\KITE\DESKTOP\PROJEKTE\ATINF\PROJEKT\ASSEMBLER\MPLAB\PROJEKT2_0.ASM 692 : Using default destination of 1 (file).
Message[305] C:\DOKUMENTE UND EINSTELLUNGEN\KITE\DESKTOP\PROJEKTE\ATINF\PROJEKT\ASSEMBLER\MPLAB\PROJEKT2_0.ASM 695 : Using default destination of 1 (file).
Message[305] C:\DOKUMENTE UND EINSTELLUNGEN\KITE\DESKTOP\PROJEKTE\ATINF\PROJEKT\ASSEMBLER\MPLAB\PROJEKT2_0.ASM 725 : Using default destination of 1 (file).
Message[305] C:\DOKUMENTE UND EINSTELLUNGEN\KITE\DESKTOP\PROJEKTE\ATINF\PROJEKT\ASSEMBLER\MPLAB\PROJEKT2_0.ASM 728 : Using default destination of 1 (file).
Message[305] C:\DOKUMENTE UND EINSTELLUNGEN\KITE\DESKTOP\PROJEKTE\ATINF\PROJEKT\ASSEMBLER\MPLAB\PROJEKT2_0.ASM 758 : Using default destination of 1 (file).
Message[305] C:\DOKUMENTE UND EINSTELLUNGEN\KITE\DESKTOP\PROJEKTE\ATINF\PROJEKT\ASSEMBLER\MPLAB\PROJEKT2_0.ASM 761 : Using default destination of 1 (file).
Message[305] C:\DOKUMENTE UND EINSTELLUNGEN\KITE\DESKTOP\PROJEKTE\ATINF\PROJEKT\ASSEMBLER\MPLAB\PROJEKT2_0.ASM 791 : Using default destination of 1 (file).
Message[305] C:\DOKUMENTE UND EINSTELLUNGEN\KITE\DESKTOP\PROJEKTE\ATINF\PROJEKT\ASSEMBLER\MPLAB\PROJEKT2_0.ASM 794 : Using default destination of 1 (file).
Warning[203] C:\DOKUMENTE UND EINSTELLUNGEN\KITE\DESKTOP\PROJEKTE\ATINF\PROJEKT\ASSEMBLER\MPLAB\PROJEKT2_0.ASM 840 : Found opcode in column 1. (RETURN)
Warning[203] C:\DOKUMENTE UND EINSTELLUNGEN\KITE\DESKTOP\PROJEKTE\ATINF\PROJEKT\ASSEMBLER\MPLAB\PROJEKT2_0.ASM 927 : Found opcode in column 1. (RETURN)
Warning[203] C:\DOKUMENTE UND EINSTELLUNGEN\KITE\DESKTOP\PROJEKTE\ATINF\PROJEKT\ASSEMBLER\MPLAB\PROJEKT2_0.ASM 1029 : Found opcode in column 1. (RETURN)
Message[305] C:\DOKUMENTE UND EINSTELLUNGEN\KITE\DESKTOP\PROJEKTE\ATINF\PROJEKT\ASSEMBLER\MPLAB\PROJEKT2_0.ASM 1038 : Using default destination of 1 (file).
Message[305] C:\DOKUMENTE UND EINSTELLUNGEN\KITE\DESKTOP\PROJEKTE\ATINF\PROJEKT\ASSEMBLER\MPLAB\PROJEKT2_0.ASM 1048 : Using default destination of 1 (file).
Warning[203] C:\DOKUMENTE UND EINSTELLUNGEN\KITE\DESKTOP\PROJEKTE\ATINF\PROJEKT\ASSEMBLER\MPLAB\PROJEKT2_0.ASM 1085 : Found opcode in column 1. (RETURN)
Warning[203] C:\DOKUMENTE UND EINSTELLUNGEN\KITE\DESKTOP\PROJEKTE\ATINF\PROJEKT\ASSEMBLER\MPLAB\PROJEKT2_0.ASM 1107 : Found opcode in column 1. (RETURN)
Warning[203] C:\DOKUMENTE UND EINSTELLUNGEN\KITE\DESKTOP\PROJEKTE\ATINF\PROJEKT\ASSEMBLER\MPLAB\PROJEKT2_0.ASM 1128 : Found opcode in column 1. (RETURN)
Warning[205] C:\DOKUMENTE UND EINSTELLUNGEN\KITE\DESKTOP\PROJEKTE\ATINF\PROJEKT\ASSEMBLER\MPLAB\PROJEKT2_0.ASM 1177 : Found directive in column 1. (END)
Error[173]   C:\DOKUMENTE UND EINSTELLUNGEN\KITE\DESKTOP\PROJEKTE\ATINF\PROJEKT\ASSEMBLER\MPLAB\PROJEKT2_0.ASM 1178 : Source file path exceeds 62 characters (C:\DOKUMENTE UND EINSTELLUNGEN\KITE\DESKTOP\PROJEKTE\ATINF\PROJEKT\ASSEMBLER\MPLAB\PROJEKT2_0.ASM)
