Warning[207] C:\SHARED\ATINF\PROJEKT\ASSEMBLER\0_6\PROJEKT0_6.ASM 76 : Found label after column 1. (in_cnt)
Warning[207] C:\SHARED\ATINF\PROJEKT\ASSEMBLER\0_6\PROJEKT0_6.ASM 77 : Found label after column 1. (mid_cnt)
Warning[207] C:\SHARED\ATINF\PROJEKT\ASSEMBLER\0_6\PROJEKT0_6.ASM 78 : Found label after column 1. (out_cnt)
Warning[207] C:\SHARED\ATINF\PROJEKT\ASSEMBLER\0_6\PROJEKT0_6.ASM 80 : Found label after column 1. (get_btn_stats_cnt)
Message[302] C:\SHARED\ATINF\PROJEKT\ASSEMBLER\0_6\PROJEKT0_6.ASM 135 : Register in operand not in bank 0.  Ensure that bank bits are correct.
Message[302] C:\SHARED\ATINF\PROJEKT\ASSEMBLER\0_6\PROJEKT0_6.ASM 137 : Register in operand not in bank 0.  Ensure that bank bits are correct.
Warning[203] C:\SHARED\ATINF\PROJEKT\ASSEMBLER\0_6\PROJEKT0_6.ASM 293 : Found opcode in column 1. (RETURN)
Warning[203] C:\SHARED\ATINF\PROJEKT\ASSEMBLER\0_6\PROJEKT0_6.ASM 325 : Found opcode in column 1. (RETURN)
Warning[203] C:\SHARED\ATINF\PROJEKT\ASSEMBLER\0_6\PROJEKT0_6.ASM 356 : Found opcode in column 1. (RETURN)
Warning[203] C:\SHARED\ATINF\PROJEKT\ASSEMBLER\0_6\PROJEKT0_6.ASM 446 : Found opcode in column 1. (RETURN)
Warning[203] C:\SHARED\ATINF\PROJEKT\ASSEMBLER\0_6\PROJEKT0_6.ASM 532 : Found opcode in column 1. (RETURN)
Warning[203] C:\SHARED\ATINF\PROJEKT\ASSEMBLER\0_6\PROJEKT0_6.ASM 562 : Found opcode in column 1. (RETURN)
Warning[203] C:\SHARED\ATINF\PROJEKT\ASSEMBLER\0_6\PROJEKT0_6.ASM 574 : Found opcode in column 1. (RETURN)
Warning[203] C:\SHARED\ATINF\PROJEKT\ASSEMBLER\0_6\PROJEKT0_6.ASM 598 : Found opcode in column 1. (RETURN)
Warning[203] C:\SHARED\ATINF\PROJEKT\ASSEMBLER\0_6\PROJEKT0_6.ASM 611 : Found opcode in column 1. (RETURN)
Warning[203] C:\SHARED\ATINF\PROJEKT\ASSEMBLER\0_6\PROJEKT0_6.ASM 631 : Found opcode in column 1. (RETURN)
Warning[203] C:\SHARED\ATINF\PROJEKT\ASSEMBLER\0_6\PROJEKT0_6.ASM 643 : Found opcode in column 1. (RETURN)
Warning[203] C:\SHARED\ATINF\PROJEKT\ASSEMBLER\0_6\PROJEKT0_6.ASM 652 : Found opcode in column 1. (RETURN)
Warning[203] C:\SHARED\ATINF\PROJEKT\ASSEMBLER\0_6\PROJEKT0_6.ASM 661 : Found opcode in column 1. (RETURN)
Warning[205] C:\SHARED\ATINF\PROJEKT\ASSEMBLER\0_6\PROJEKT0_6.ASM 663 : Found directive in column 1. (END)
